<?xml version="1.0" encoding="UTF-8"?>
<testng-results ignored="0" total="1" passed="1" failed="0" skipped="0">
  <reporter-output>
  </reporter-output>
  <suite started-at="2025-01-09T18:02:23 IST" name="Default suite" finished-at="2025-01-09T18:02:35 IST" duration-ms="12029">
    <groups>
    </groups>
    <test started-at="2025-01-09T18:02:23 IST" name="Default test" finished-at="2025-01-09T18:02:35 IST" duration-ms="12029">
      <class name="com.api.test.FISassessment2">
        <test-method signature="apiTest()[pri:0, instance:com.api.test.FISassessment2@2de23121]" started-at="2025-01-09T18:02:23 IST" name="apiTest" finished-at="2025-01-09T18:02:35 IST" duration-ms="11862" status="PASS">
          <reporter-output>
          </reporter-output>
        </test-method> <!-- apiTest -->
      </class> <!-- com.api.test.FISassessment2 -->
    </test> <!-- Default test -->
  </suite> <!-- Default suite -->
</testng-results>
